  [1m[36m (6.0ms)[0m  [1mSELECT name FROM sqlite_master WHERE type = 'table' AND name = "schema_migrations"[0m
  [1m[35m (22.0ms)[0m  CREATE TABLE "schema_migrations" ("version" varchar(255) NOT NULL) 
  [1m[36m (11.0ms)[0m  [1mCREATE UNIQUE INDEX "unique_schema_migrations" ON "schema_migrations" ("version")[0m
  [1m[35mActiveRecord::SchemaMigration Load (2.0ms)[0m  SELECT "schema_migrations".* FROM "schema_migrations"
Migrating to CreateProducts (20140212143503)


Started GET "/" for 127.0.0.1 at 2014-02-12 15:49:31 +0100
  [1m[36m (7.0ms)[0m  [1mSELECT name FROM sqlite_master WHERE type = 'table' AND name = "schema_migrations"[0m
  [1m[35mActiveRecord::SchemaMigration Load (2.0ms)[0m  SELECT "schema_migrations".* FROM "schema_migrations"

ActiveRecord::PendingMigrationError (Migrations are pending; run 'bin/rake db:migrate RAILS_ENV=development' to resolve this issue.):
  activerecord (4.0.2) lib/active_record/migration.rb:379:in `check_pending!'
  activerecord (4.0.2) lib/active_record/migration.rb:366:in `call'
  actionpack (4.0.2) lib/action_dispatch/middleware/callbacks.rb:29:in `call'
  activesupport (4.0.2) lib/active_support/callbacks.rb:376:in `_run__1075839034__call__callbacks'
  org/jruby/RubyBasicObject.java:1703:in `__send__'
  org/jruby/RubyKernel.java:2209:in `send'
  activesupport (4.0.2) lib/active_support/callbacks.rb:80:in `run_callbacks'
  actionpack (4.0.2) lib/action_dispatch/middleware/callbacks.rb:27:in `call'
  actionpack (4.0.2) lib/action_dispatch/middleware/reloader.rb:64:in `call'
  actionpack (4.0.2) lib/action_dispatch/middleware/remote_ip.rb:76:in `call'
  actionpack (4.0.2) lib/action_dispatch/middleware/debug_exceptions.rb:17:in `call'
  actionpack (4.0.2) lib/action_dispatch/middleware/show_exceptions.rb:30:in `call'
  railties (4.0.2) lib/rails/rack/logger.rb:38:in `call_app'
  railties (4.0.2) lib/rails/rack/logger.rb:20:in `call'
  activesupport (4.0.2) lib/active_support/tagged_logging.rb:67:in `tagged'
  activesupport (4.0.2) lib/active_support/tagged_logging.rb:25:in `tagged'
  activesupport (4.0.2) lib/active_support/tagged_logging.rb:67:in `tagged'
  railties (4.0.2) lib/rails/rack/logger.rb:20:in `call'
  actionpack (4.0.2) lib/action_dispatch/middleware/request_id.rb:21:in `call'
  rack (1.5.2) lib/rack/methodoverride.rb:21:in `call'
  rack (1.5.2) lib/rack/runtime.rb:17:in `call'
  activesupport (4.0.2) lib/active_support/cache/strategy/local_cache.rb:83:in `call'
  rack (1.5.2) lib/rack/lock.rb:17:in `call'
  actionpack (4.0.2) lib/action_dispatch/middleware/static.rb:64:in `call'
  rack (1.5.2) lib/rack/sendfile.rb:112:in `call'
  railties (4.0.2) lib/rails/engine.rb:511:in `call'
  railties (4.0.2) lib/rails/application.rb:97:in `call'
  rack (1.5.2) lib/rack/lock.rb:17:in `call'
  rack (1.5.2) lib/rack/content_length.rb:14:in `call'
  rack (1.5.2) lib/rack/handler/webrick.rb:60:in `service'
  /home/helge/.rvm/rubies/jruby-1.7.4/lib/ruby/1.9/webrick/httpserver.rb:138:in `service'
  /home/helge/.rvm/rubies/jruby-1.7.4/lib/ruby/1.9/webrick/httpserver.rb:94:in `run'
  /home/helge/.rvm/rubies/jruby-1.7.4/lib/ruby/1.9/webrick/server.rb:191:in `start_thread'


  Rendered /home/helge/.rvm/gems/jruby-1.7.4@rails/gems/actionpack-4.0.2/lib/action_dispatch/middleware/templates/rescues/_source.erb (3.0ms)
  Rendered /home/helge/.rvm/gems/jruby-1.7.4@rails/gems/actionpack-4.0.2/lib/action_dispatch/middleware/templates/rescues/_trace.erb (9.0ms)
  Rendered /home/helge/.rvm/gems/jruby-1.7.4@rails/gems/actionpack-4.0.2/lib/action_dispatch/middleware/templates/rescues/_request_and_response.erb (9.0ms)
  Rendered /home/helge/.rvm/gems/jruby-1.7.4@rails/gems/actionpack-4.0.2/lib/action_dispatch/middleware/templates/rescues/diagnostics.erb within rescues/layout (57.0ms)
  [1m[36m (6.0ms)[0m  [1mSELECT name FROM sqlite_master WHERE type = 'table' AND name = "schema_migrations"[0m
  [1m[35mActiveRecord::SchemaMigration Load (1.0ms)[0m  SELECT "schema_migrations".* FROM "schema_migrations"
Migrating to CreateProducts (20140212143503)


Started GET "/" for 127.0.0.1 at 2014-02-12 15:52:29 +0100
  [1m[36m (0ms)[0m  [1mSELECT name FROM sqlite_master WHERE type = 'table' AND name = "schema_migrations"[0m
  [1m[35mActiveRecord::SchemaMigration Load (1.0ms)[0m  SELECT "schema_migrations".* FROM "schema_migrations"

ActiveRecord::PendingMigrationError (Migrations are pending; run 'bin/rake db:migrate RAILS_ENV=development' to resolve this issue.):
  activerecord (4.0.2) lib/active_record/migration.rb:379:in `check_pending!'
  activerecord (4.0.2) lib/active_record/migration.rb:366:in `call'
  actionpack (4.0.2) lib/action_dispatch/middleware/callbacks.rb:29:in `call'
  activesupport (4.0.2) lib/active_support/callbacks.rb:376:in `_run__1075839034__call__callbacks'
  org/jruby/RubyBasicObject.java:1703:in `__send__'
  org/jruby/RubyKernel.java:2209:in `send'
  activesupport (4.0.2) lib/active_support/callbacks.rb:80:in `run_callbacks'
  actionpack (4.0.2) lib/action_dispatch/middleware/callbacks.rb:27:in `call'
  actionpack (4.0.2) lib/action_dispatch/middleware/reloader.rb:64:in `call'
  actionpack (4.0.2) lib/action_dispatch/middleware/remote_ip.rb:76:in `call'
  actionpack (4.0.2) lib/action_dispatch/middleware/debug_exceptions.rb:17:in `call'
  actionpack (4.0.2) lib/action_dispatch/middleware/show_exceptions.rb:30:in `call'
  railties (4.0.2) lib/rails/rack/logger.rb:38:in `call_app'
  railties (4.0.2) lib/rails/rack/logger.rb:20:in `call'
  activesupport (4.0.2) lib/active_support/tagged_logging.rb:67:in `tagged'
  activesupport (4.0.2) lib/active_support/tagged_logging.rb:25:in `tagged'
  activesupport (4.0.2) lib/active_support/tagged_logging.rb:67:in `tagged'
  railties (4.0.2) lib/rails/rack/logger.rb:20:in `call'
  actionpack (4.0.2) lib/action_dispatch/middleware/request_id.rb:21:in `call'
  rack (1.5.2) lib/rack/methodoverride.rb:21:in `call'
  rack (1.5.2) lib/rack/runtime.rb:17:in `call'
  activesupport (4.0.2) lib/active_support/cache/strategy/local_cache.rb:83:in `call'
  rack (1.5.2) lib/rack/lock.rb:17:in `call'
  actionpack (4.0.2) lib/action_dispatch/middleware/static.rb:64:in `call'
  rack (1.5.2) lib/rack/sendfile.rb:112:in `call'
  railties (4.0.2) lib/rails/engine.rb:511:in `call'
  railties (4.0.2) lib/rails/application.rb:97:in `call'
  rack (1.5.2) lib/rack/lock.rb:17:in `call'
  rack (1.5.2) lib/rack/content_length.rb:14:in `call'
  rack (1.5.2) lib/rack/handler/webrick.rb:60:in `service'
  /home/helge/.rvm/rubies/jruby-1.7.4/lib/ruby/1.9/webrick/httpserver.rb:138:in `service'
  /home/helge/.rvm/rubies/jruby-1.7.4/lib/ruby/1.9/webrick/httpserver.rb:94:in `run'
  /home/helge/.rvm/rubies/jruby-1.7.4/lib/ruby/1.9/webrick/server.rb:191:in `start_thread'


  Rendered /home/helge/.rvm/gems/jruby-1.7.4@rails/gems/actionpack-4.0.2/lib/action_dispatch/middleware/templates/rescues/_source.erb (4.0ms)
  Rendered /home/helge/.rvm/gems/jruby-1.7.4@rails/gems/actionpack-4.0.2/lib/action_dispatch/middleware/templates/rescues/_trace.erb (8.0ms)
  Rendered /home/helge/.rvm/gems/jruby-1.7.4@rails/gems/actionpack-4.0.2/lib/action_dispatch/middleware/templates/rescues/_request_and_response.erb (7.0ms)
  Rendered /home/helge/.rvm/gems/jruby-1.7.4@rails/gems/actionpack-4.0.2/lib/action_dispatch/middleware/templates/rescues/diagnostics.erb within rescues/layout (50.0ms)


Started GET "/" for 127.0.0.1 at 2014-02-12 15:52:53 +0100
  [1m[36m (6.0ms)[0m  [1mSELECT name FROM sqlite_master WHERE type = 'table' AND name = "schema_migrations"[0m
  [1m[35mActiveRecord::SchemaMigration Load (2.0ms)[0m  SELECT "schema_migrations".* FROM "schema_migrations"

ActiveRecord::PendingMigrationError (Migrations are pending; run 'bin/rake db:migrate RAILS_ENV=development' to resolve this issue.):
  activerecord (4.0.2) lib/active_record/migration.rb:379:in `check_pending!'
  activerecord (4.0.2) lib/active_record/migration.rb:366:in `call'
  actionpack (4.0.2) lib/action_dispatch/middleware/callbacks.rb:29:in `call'
  activesupport (4.0.2) lib/active_support/callbacks.rb:376:in `_run__1520667824__call__callbacks'
  org/jruby/RubyBasicObject.java:1703:in `__send__'
  org/jruby/RubyKernel.java:2209:in `send'
  activesupport (4.0.2) lib/active_support/callbacks.rb:80:in `run_callbacks'
  actionpack (4.0.2) lib/action_dispatch/middleware/callbacks.rb:27:in `call'
  actionpack (4.0.2) lib/action_dispatch/middleware/reloader.rb:64:in `call'
  actionpack (4.0.2) lib/action_dispatch/middleware/remote_ip.rb:76:in `call'
  actionpack (4.0.2) lib/action_dispatch/middleware/debug_exceptions.rb:17:in `call'
  actionpack (4.0.2) lib/action_dispatch/middleware/show_exceptions.rb:30:in `call'
  railties (4.0.2) lib/rails/rack/logger.rb:38:in `call_app'
  railties (4.0.2) lib/rails/rack/logger.rb:20:in `call'
  activesupport (4.0.2) lib/active_support/tagged_logging.rb:67:in `tagged'
  activesupport (4.0.2) lib/active_support/tagged_logging.rb:25:in `tagged'
  activesupport (4.0.2) lib/active_support/tagged_logging.rb:67:in `tagged'
  railties (4.0.2) lib/rails/rack/logger.rb:20:in `call'
  actionpack (4.0.2) lib/action_dispatch/middleware/request_id.rb:21:in `call'
  rack (1.5.2) lib/rack/methodoverride.rb:21:in `call'
  rack (1.5.2) lib/rack/runtime.rb:17:in `call'
  activesupport (4.0.2) lib/active_support/cache/strategy/local_cache.rb:83:in `call'
  rack (1.5.2) lib/rack/lock.rb:17:in `call'
  actionpack (4.0.2) lib/action_dispatch/middleware/static.rb:64:in `call'
  rack (1.5.2) lib/rack/sendfile.rb:112:in `call'
  railties (4.0.2) lib/rails/engine.rb:511:in `call'
  railties (4.0.2) lib/rails/application.rb:97:in `call'
  rack (1.5.2) lib/rack/lock.rb:17:in `call'
  rack (1.5.2) lib/rack/content_length.rb:14:in `call'
  rack (1.5.2) lib/rack/handler/webrick.rb:60:in `service'
  /home/helge/.rvm/rubies/jruby-1.7.4/lib/ruby/1.9/webrick/httpserver.rb:138:in `service'
  /home/helge/.rvm/rubies/jruby-1.7.4/lib/ruby/1.9/webrick/httpserver.rb:94:in `run'
  /home/helge/.rvm/rubies/jruby-1.7.4/lib/ruby/1.9/webrick/server.rb:191:in `start_thread'


  Rendered /home/helge/.rvm/gems/jruby-1.7.4@rails/gems/actionpack-4.0.2/lib/action_dispatch/middleware/templates/rescues/_source.erb (3.0ms)
  Rendered /home/helge/.rvm/gems/jruby-1.7.4@rails/gems/actionpack-4.0.2/lib/action_dispatch/middleware/templates/rescues/_trace.erb (8.0ms)
  Rendered /home/helge/.rvm/gems/jruby-1.7.4@rails/gems/actionpack-4.0.2/lib/action_dispatch/middleware/templates/rescues/_request_and_response.erb (10.0ms)
  Rendered /home/helge/.rvm/gems/jruby-1.7.4@rails/gems/actionpack-4.0.2/lib/action_dispatch/middleware/templates/rescues/diagnostics.erb within rescues/layout (70.0ms)


Started GET "/" for 127.0.0.1 at 2014-02-12 15:52:58 +0100
  [1m[36m (1.0ms)[0m  [1mSELECT name FROM sqlite_master WHERE type = 'table' AND name = "schema_migrations"[0m
  [1m[35mActiveRecord::SchemaMigration Load (1.0ms)[0m  SELECT "schema_migrations".* FROM "schema_migrations"

ActiveRecord::PendingMigrationError (Migrations are pending; run 'bin/rake db:migrate RAILS_ENV=development' to resolve this issue.):
  activerecord (4.0.2) lib/active_record/migration.rb:379:in `check_pending!'
  activerecord (4.0.2) lib/active_record/migration.rb:366:in `call'
  actionpack (4.0.2) lib/action_dispatch/middleware/callbacks.rb:29:in `call'
  activesupport (4.0.2) lib/active_support/callbacks.rb:376:in `_run__1520667824__call__callbacks'
  org/jruby/RubyBasicObject.java:1703:in `__send__'
  org/jruby/RubyKernel.java:2209:in `send'
  activesupport (4.0.2) lib/active_support/callbacks.rb:80:in `run_callbacks'
  actionpack (4.0.2) lib/action_dispatch/middleware/callbacks.rb:27:in `call'
  actionpack (4.0.2) lib/action_dispatch/middleware/reloader.rb:64:in `call'
  actionpack (4.0.2) lib/action_dispatch/middleware/remote_ip.rb:76:in `call'
  actionpack (4.0.2) lib/action_dispatch/middleware/debug_exceptions.rb:17:in `call'
  actionpack (4.0.2) lib/action_dispatch/middleware/show_exceptions.rb:30:in `call'
  railties (4.0.2) lib/rails/rack/logger.rb:38:in `call_app'
  railties (4.0.2) lib/rails/rack/logger.rb:20:in `call'
  activesupport (4.0.2) lib/active_support/tagged_logging.rb:67:in `tagged'
  activesupport (4.0.2) lib/active_support/tagged_logging.rb:25:in `tagged'
  activesupport (4.0.2) lib/active_support/tagged_logging.rb:67:in `tagged'
  railties (4.0.2) lib/rails/rack/logger.rb:20:in `call'
  actionpack (4.0.2) lib/action_dispatch/middleware/request_id.rb:21:in `call'
  rack (1.5.2) lib/rack/methodoverride.rb:21:in `call'
  rack (1.5.2) lib/rack/runtime.rb:17:in `call'
  activesupport (4.0.2) lib/active_support/cache/strategy/local_cache.rb:83:in `call'
  rack (1.5.2) lib/rack/lock.rb:17:in `call'
  actionpack (4.0.2) lib/action_dispatch/middleware/static.rb:64:in `call'
  rack (1.5.2) lib/rack/sendfile.rb:112:in `call'
  railties (4.0.2) lib/rails/engine.rb:511:in `call'
  railties (4.0.2) lib/rails/application.rb:97:in `call'
  rack (1.5.2) lib/rack/lock.rb:17:in `call'
  rack (1.5.2) lib/rack/content_length.rb:14:in `call'
  rack (1.5.2) lib/rack/handler/webrick.rb:60:in `service'
  /home/helge/.rvm/rubies/jruby-1.7.4/lib/ruby/1.9/webrick/httpserver.rb:138:in `service'
  /home/helge/.rvm/rubies/jruby-1.7.4/lib/ruby/1.9/webrick/httpserver.rb:94:in `run'
  /home/helge/.rvm/rubies/jruby-1.7.4/lib/ruby/1.9/webrick/server.rb:191:in `start_thread'


  Rendered /home/helge/.rvm/gems/jruby-1.7.4@rails/gems/actionpack-4.0.2/lib/action_dispatch/middleware/templates/rescues/_source.erb (3.0ms)
  Rendered /home/helge/.rvm/gems/jruby-1.7.4@rails/gems/actionpack-4.0.2/lib/action_dispatch/middleware/templates/rescues/_trace.erb (11.0ms)
  Rendered /home/helge/.rvm/gems/jruby-1.7.4@rails/gems/actionpack-4.0.2/lib/action_dispatch/middleware/templates/rescues/_request_and_response.erb (8.0ms)
  Rendered /home/helge/.rvm/gems/jruby-1.7.4@rails/gems/actionpack-4.0.2/lib/action_dispatch/middleware/templates/rescues/diagnostics.erb within rescues/layout (49.0ms)
  [1m[36m (5.0ms)[0m  [1mSELECT name FROM sqlite_master WHERE type = 'table' AND name = "schema_migrations"[0m
  [1m[35mActiveRecord::SchemaMigration Load (0ms)[0m  SELECT "schema_migrations".* FROM "schema_migrations"
Migrating to CreateProducts (20140212145222)
  [1m[36m (4.0ms)[0m  [1mCREATE TABLE "products" ("id" integer PRIMARY KEY AUTOINCREMENT NOT NULL, "name" varchar(255), "price" decimal, "created_at" datetime, "updated_at" datetime) [0m
  [1m[35m (0ms)[0m  SELECT name FROM sqlite_master WHERE type = 'table' AND name = "schema_migrations"
  [1m[36mSQL (0ms)[0m  [1mINSERT INTO "schema_migrations" ("version") VALUES ('20140212145222')[0m
  [1m[35m (0ms)[0m  SELECT name FROM sqlite_master WHERE type = 'table' AND name = "schema_migrations"
  [1m[36mActiveRecord::SchemaMigration Load (0ms)[0m  [1mSELECT "schema_migrations".* FROM "schema_migrations"[0m
  [1m[35m (1.0ms)[0m  SELECT name FROM sqlite_master WHERE type = 'table' AND NOT name = 'sqlite_sequence'


Started GET "/" for 127.0.0.1 at 2014-02-12 15:53:27 +0100
  [1m[36m (0ms)[0m  [1mSELECT name FROM sqlite_master WHERE type = 'table' AND name = "schema_migrations"[0m
  [1m[35mActiveRecord::SchemaMigration Load (1.0ms)[0m  SELECT "schema_migrations".* FROM "schema_migrations"
  [1m[36m (1.0ms)[0m  [1mSELECT name FROM sqlite_master WHERE type = 'table' AND name = "schema_migrations"[0m
Processing by ProductsController#index as HTML
  Rendered products/_index.html.erb (10.0ms)
  Rendered products/index.html.erb within layouts/application (29.0ms)
Completed 500 Internal Server Error in 1115ms

ActionView::Template::Error (undefined method `each' for nil:NilClass):
    1: <% @products.each do |product| %>
    2:   <tr>
    3:     <td><%= product.name %></td>
    4:     <td><%= number_to_currency product.price %></td>
  app/views/products/_index.html.erb:1:in `_app_views_products__index_html_erb__298009358_4162'
  app/views/products/index.html.erb:17:in `_app_views_products_index_html_erb__1145095864_4158'


  Rendered /home/helge/.rvm/gems/jruby-1.7.4@rails/gems/actionpack-4.0.2/lib/action_dispatch/middleware/templates/rescues/_trace.erb (11.0ms)
  Rendered /home/helge/.rvm/gems/jruby-1.7.4@rails/gems/actionpack-4.0.2/lib/action_dispatch/middleware/templates/rescues/_request_and_response.erb (6.0ms)
  Rendered /home/helge/.rvm/gems/jruby-1.7.4@rails/gems/actionpack-4.0.2/lib/action_dispatch/middleware/templates/rescues/template_error.erb within rescues/layout (42.0ms)


Started GET "/" for 127.0.0.1 at 2014-02-12 15:54:41 +0100
Processing by ProductsController#index as HTML
  Rendered products/_index.html.erb (7.0ms)
  Rendered products/index.html.erb within layouts/application (10.0ms)
Completed 500 Internal Server Error in 19ms

ActionView::Template::Error (undefined method `each' for nil:NilClass):
    1: <% @products.each do |product| %>
    2:   <tr>
    3:     <td><%= product.name %></td>
    4:     <td><%= number_to_currency product.price %></td>
  app/views/products/_index.html.erb:1:in `_app_views_products__index_html_erb__298009358_4162'
  app/views/products/index.html.erb:17:in `_app_views_products_index_html_erb__1145095864_4158'


  Rendered /home/helge/.rvm/gems/jruby-1.7.4@rails/gems/actionpack-4.0.2/lib/action_dispatch/middleware/templates/rescues/_trace.erb (6.0ms)
  Rendered /home/helge/.rvm/gems/jruby-1.7.4@rails/gems/actionpack-4.0.2/lib/action_dispatch/middleware/templates/rescues/_request_and_response.erb (5.0ms)
  Rendered /home/helge/.rvm/gems/jruby-1.7.4@rails/gems/actionpack-4.0.2/lib/action_dispatch/middleware/templates/rescues/template_error.erb within rescues/layout (30.0ms)


Started GET "/" for 127.0.0.1 at 2014-02-12 15:56:44 +0100
Processing by ProductsController#index as HTML
  Rendered products/_index.html.erb (7.0ms)
  Rendered products/index.html.erb within layouts/application (11.0ms)
Completed 500 Internal Server Error in 17ms

ActionView::Template::Error (undefined method `each' for nil:NilClass):
    1: <% @products.each do |product| %>
    2:   <tr>
    3:     <td><%= product.name %></td>
    4:     <td><%= number_to_currency product.price %></td>
  app/views/products/_index.html.erb:1:in `_app_views_products__index_html_erb__298009358_4162'
  app/views/products/index.html.erb:17:in `_app_views_products_index_html_erb__1145095864_4158'


  Rendered /home/helge/.rvm/gems/jruby-1.7.4@rails/gems/actionpack-4.0.2/lib/action_dispatch/middleware/templates/rescues/_trace.erb (6.0ms)
  Rendered /home/helge/.rvm/gems/jruby-1.7.4@rails/gems/actionpack-4.0.2/lib/action_dispatch/middleware/templates/rescues/_request_and_response.erb (5.0ms)
  Rendered /home/helge/.rvm/gems/jruby-1.7.4@rails/gems/actionpack-4.0.2/lib/action_dispatch/middleware/templates/rescues/template_error.erb within rescues/layout (32.0ms)
  [1m[36m (6.0ms)[0m  [1mSELECT name FROM sqlite_master WHERE type = 'table' AND name = "schema_migrations"[0m
  [1m[35mActiveRecord::SchemaMigration Load (1.0ms)[0m  SELECT "schema_migrations".* FROM "schema_migrations"
  [1m[36m (0ms)[0m  [1mSELECT name FROM sqlite_master WHERE type = 'table' AND name = "schema_migrations"[0m
Migrating to CreateProducts (20140212145805)
  [1m[35m (6.0ms)[0m  CREATE TABLE "products" ("id" integer PRIMARY KEY AUTOINCREMENT NOT NULL, "name" varchar(255), "price" decimal, "created_at" datetime, "updated_at" datetime) 
ActiveRecord::JDBCError: [SQLITE_ERROR] SQL error or missing database (table "products" already exists): CREATE TABLE "products" ("id" integer PRIMARY KEY AUTOINCREMENT NOT NULL, "name" varchar(255), "price" decimal, "created_at" datetime, "updated_at" datetime) 
  [1m[36m (5.0ms)[0m  [1mSELECT name FROM sqlite_master WHERE type = 'table' AND name = "schema_migrations"[0m
  [1m[35mActiveRecord::SchemaMigration Load (1.0ms)[0m  SELECT "schema_migrations".* FROM "schema_migrations"
  [1m[36m (1.0ms)[0m  [1mSELECT name FROM sqlite_master WHERE type = 'table' AND name = "schema_migrations"[0m
  [1m[36m (6.0ms)[0m  [1mSELECT name FROM sqlite_master WHERE type = 'table' AND name = "schema_migrations"[0m
  [1m[35mActiveRecord::SchemaMigration Load (1.0ms)[0m  SELECT "schema_migrations".* FROM "schema_migrations"
  [1m[36m (0ms)[0m  [1mSELECT name FROM sqlite_master WHERE type = 'table' AND name = "schema_migrations"[0m
Migrating to CreateProducts (20140212145805)
  [1m[35m (5.0ms)[0m  CREATE TABLE "products" ("id" integer PRIMARY KEY AUTOINCREMENT NOT NULL, "name" varchar(255), "price" decimal, "created_at" datetime, "updated_at" datetime) 
ActiveRecord::JDBCError: [SQLITE_ERROR] SQL error or missing database (table "products" already exists): CREATE TABLE "products" ("id" integer PRIMARY KEY AUTOINCREMENT NOT NULL, "name" varchar(255), "price" decimal, "created_at" datetime, "updated_at" datetime) 


Started GET "/" for 127.0.0.1 at 2014-02-12 16:00:07 +0100
  [1m[35m (0ms)[0m  SELECT name FROM sqlite_master WHERE type = 'table' AND name = "schema_migrations"
  [1m[36mActiveRecord::SchemaMigration Load (1.0ms)[0m  [1mSELECT "schema_migrations".* FROM "schema_migrations"[0m

ActiveRecord::PendingMigrationError (Migrations are pending; run 'bin/rake db:migrate RAILS_ENV=development' to resolve this issue.):
  activerecord (4.0.2) lib/active_record/migration.rb:379:in `check_pending!'
  activerecord (4.0.2) lib/active_record/migration.rb:366:in `call'
  actionpack (4.0.2) lib/action_dispatch/middleware/callbacks.rb:29:in `call'
  activesupport (4.0.2) lib/active_support/callbacks.rb:376:in `_run__1520667824__call__callbacks'
  org/jruby/RubyBasicObject.java:1703:in `__send__'
  org/jruby/RubyKernel.java:2209:in `send'
  activesupport (4.0.2) lib/active_support/callbacks.rb:80:in `run_callbacks'
  actionpack (4.0.2) lib/action_dispatch/middleware/callbacks.rb:27:in `call'
  actionpack (4.0.2) lib/action_dispatch/middleware/reloader.rb:64:in `call'
  actionpack (4.0.2) lib/action_dispatch/middleware/remote_ip.rb:76:in `call'
  actionpack (4.0.2) lib/action_dispatch/middleware/debug_exceptions.rb:17:in `call'
  actionpack (4.0.2) lib/action_dispatch/middleware/show_exceptions.rb:30:in `call'
  railties (4.0.2) lib/rails/rack/logger.rb:38:in `call_app'
  railties (4.0.2) lib/rails/rack/logger.rb:20:in `call'
  activesupport (4.0.2) lib/active_support/tagged_logging.rb:67:in `tagged'
  activesupport (4.0.2) lib/active_support/tagged_logging.rb:25:in `tagged'
  activesupport (4.0.2) lib/active_support/tagged_logging.rb:67:in `tagged'
  railties (4.0.2) lib/rails/rack/logger.rb:20:in `call'
  actionpack (4.0.2) lib/action_dispatch/middleware/request_id.rb:21:in `call'
  rack (1.5.2) lib/rack/methodoverride.rb:21:in `call'
  rack (1.5.2) lib/rack/runtime.rb:17:in `call'
  activesupport (4.0.2) lib/active_support/cache/strategy/local_cache.rb:83:in `call'
  rack (1.5.2) lib/rack/lock.rb:17:in `call'
  actionpack (4.0.2) lib/action_dispatch/middleware/static.rb:64:in `call'
  rack (1.5.2) lib/rack/sendfile.rb:112:in `call'
  railties (4.0.2) lib/rails/engine.rb:511:in `call'
  railties (4.0.2) lib/rails/application.rb:97:in `call'
  rack (1.5.2) lib/rack/lock.rb:17:in `call'
  rack (1.5.2) lib/rack/content_length.rb:14:in `call'
  rack (1.5.2) lib/rack/handler/webrick.rb:60:in `service'
  /home/helge/.rvm/rubies/jruby-1.7.4/lib/ruby/1.9/webrick/httpserver.rb:138:in `service'
  /home/helge/.rvm/rubies/jruby-1.7.4/lib/ruby/1.9/webrick/httpserver.rb:94:in `run'
  /home/helge/.rvm/rubies/jruby-1.7.4/lib/ruby/1.9/webrick/server.rb:191:in `start_thread'


  Rendered /home/helge/.rvm/gems/jruby-1.7.4@rails/gems/actionpack-4.0.2/lib/action_dispatch/middleware/templates/rescues/_source.erb (3.0ms)
  Rendered /home/helge/.rvm/gems/jruby-1.7.4@rails/gems/actionpack-4.0.2/lib/action_dispatch/middleware/templates/rescues/_trace.erb (6.0ms)
  Rendered /home/helge/.rvm/gems/jruby-1.7.4@rails/gems/actionpack-4.0.2/lib/action_dispatch/middleware/templates/rescues/_request_and_response.erb (6.0ms)
  Rendered /home/helge/.rvm/gems/jruby-1.7.4@rails/gems/actionpack-4.0.2/lib/action_dispatch/middleware/templates/rescues/diagnostics.erb within rescues/layout (42.0ms)


Started GET "/" for 127.0.0.1 at 2014-02-12 16:00:09 +0100
  [1m[35m (3.0ms)[0m  SELECT name FROM sqlite_master WHERE type = 'table' AND name = "schema_migrations"
  [1m[36mActiveRecord::SchemaMigration Load (0ms)[0m  [1mSELECT "schema_migrations".* FROM "schema_migrations"[0m

ActiveRecord::PendingMigrationError (Migrations are pending; run 'bin/rake db:migrate RAILS_ENV=development' to resolve this issue.):
  activerecord (4.0.2) lib/active_record/migration.rb:379:in `check_pending!'
  activerecord (4.0.2) lib/active_record/migration.rb:366:in `call'
  actionpack (4.0.2) lib/action_dispatch/middleware/callbacks.rb:29:in `call'
  activesupport (4.0.2) lib/active_support/callbacks.rb:376:in `_run__1520667824__call__callbacks'
  org/jruby/RubyBasicObject.java:1703:in `__send__'
  org/jruby/RubyKernel.java:2209:in `send'
  activesupport (4.0.2) lib/active_support/callbacks.rb:80:in `run_callbacks'
  actionpack (4.0.2) lib/action_dispatch/middleware/callbacks.rb:27:in `call'
  actionpack (4.0.2) lib/action_dispatch/middleware/reloader.rb:64:in `call'
  actionpack (4.0.2) lib/action_dispatch/middleware/remote_ip.rb:76:in `call'
  actionpack (4.0.2) lib/action_dispatch/middleware/debug_exceptions.rb:17:in `call'
  actionpack (4.0.2) lib/action_dispatch/middleware/show_exceptions.rb:30:in `call'
  railties (4.0.2) lib/rails/rack/logger.rb:38:in `call_app'
  railties (4.0.2) lib/rails/rack/logger.rb:20:in `call'
  activesupport (4.0.2) lib/active_support/tagged_logging.rb:67:in `tagged'
  activesupport (4.0.2) lib/active_support/tagged_logging.rb:25:in `tagged'
  activesupport (4.0.2) lib/active_support/tagged_logging.rb:67:in `tagged'
  railties (4.0.2) lib/rails/rack/logger.rb:20:in `call'
  actionpack (4.0.2) lib/action_dispatch/middleware/request_id.rb:21:in `call'
  rack (1.5.2) lib/rack/methodoverride.rb:21:in `call'
  rack (1.5.2) lib/rack/runtime.rb:17:in `call'
  activesupport (4.0.2) lib/active_support/cache/strategy/local_cache.rb:83:in `call'
  rack (1.5.2) lib/rack/lock.rb:17:in `call'
  actionpack (4.0.2) lib/action_dispatch/middleware/static.rb:64:in `call'
  rack (1.5.2) lib/rack/sendfile.rb:112:in `call'
  railties (4.0.2) lib/rails/engine.rb:511:in `call'
  railties (4.0.2) lib/rails/application.rb:97:in `call'
  rack (1.5.2) lib/rack/lock.rb:17:in `call'
  rack (1.5.2) lib/rack/content_length.rb:14:in `call'
  rack (1.5.2) lib/rack/handler/webrick.rb:60:in `service'
  /home/helge/.rvm/rubies/jruby-1.7.4/lib/ruby/1.9/webrick/httpserver.rb:138:in `service'
  /home/helge/.rvm/rubies/jruby-1.7.4/lib/ruby/1.9/webrick/httpserver.rb:94:in `run'
  /home/helge/.rvm/rubies/jruby-1.7.4/lib/ruby/1.9/webrick/server.rb:191:in `start_thread'


  Rendered /home/helge/.rvm/gems/jruby-1.7.4@rails/gems/actionpack-4.0.2/lib/action_dispatch/middleware/templates/rescues/_source.erb (2.0ms)
  Rendered /home/helge/.rvm/gems/jruby-1.7.4@rails/gems/actionpack-4.0.2/lib/action_dispatch/middleware/templates/rescues/_trace.erb (4.0ms)
  Rendered /home/helge/.rvm/gems/jruby-1.7.4@rails/gems/actionpack-4.0.2/lib/action_dispatch/middleware/templates/rescues/_request_and_response.erb (7.0ms)
  Rendered /home/helge/.rvm/gems/jruby-1.7.4@rails/gems/actionpack-4.0.2/lib/action_dispatch/middleware/templates/rescues/diagnostics.erb within rescues/layout (36.0ms)
  [1m[36m (6.0ms)[0m  [1mSELECT name FROM sqlite_master WHERE type = 'table' AND name = "schema_migrations"[0m
  [1m[35mActiveRecord::SchemaMigration Load (1.0ms)[0m  SELECT "schema_migrations".* FROM "schema_migrations"
  [1m[36m (1.0ms)[0m  [1mSELECT name FROM sqlite_master WHERE type = 'table' AND name = "schema_migrations"[0m
Migrating to CreateProducts (20140212145805)
  [1m[35m (5.0ms)[0m  CREATE TABLE "products" ("id" integer PRIMARY KEY AUTOINCREMENT NOT NULL, "name" varchar(255), "price" decimal, "created_at" datetime, "updated_at" datetime) 
ActiveRecord::JDBCError: [SQLITE_ERROR] SQL error or missing database (table "products" already exists): CREATE TABLE "products" ("id" integer PRIMARY KEY AUTOINCREMENT NOT NULL, "name" varchar(255), "price" decimal, "created_at" datetime, "updated_at" datetime) 
  [1m[36m (5.0ms)[0m  [1mSELECT name FROM sqlite_master WHERE type = 'table' AND name = "schema_migrations"[0m
  [1m[35m (33.0ms)[0m  CREATE TABLE "schema_migrations" ("version" varchar(255) NOT NULL) 
  [1m[36m (12.0ms)[0m  [1mCREATE UNIQUE INDEX "unique_schema_migrations" ON "schema_migrations" ("version")[0m
  [1m[35mActiveRecord::SchemaMigration Load (1.0ms)[0m  SELECT "schema_migrations".* FROM "schema_migrations"
  [1m[36m (5.0ms)[0m  [1mSELECT name FROM sqlite_master WHERE type = 'table' AND name = "schema_migrations"[0m
  [1m[35mActiveRecord::SchemaMigration Load (1.0ms)[0m  SELECT "schema_migrations".* FROM "schema_migrations"
Migrating to CreateProducts (20140212150254)
  [1m[36m (4.0ms)[0m  [1mCREATE TABLE "products" ("id" integer PRIMARY KEY AUTOINCREMENT NOT NULL, "name" varchar(255), "price" decimal, "created_at" datetime, "updated_at" datetime) [0m
  [1m[35m (1.0ms)[0m  SELECT name FROM sqlite_master WHERE type = 'table' AND name = "schema_migrations"
  [1m[36mSQL (1.0ms)[0m  [1mINSERT INTO "schema_migrations" ("version") VALUES ('20140212150254')[0m
  [1m[35m (1.0ms)[0m  SELECT name FROM sqlite_master WHERE type = 'table' AND name = "schema_migrations"
  [1m[36mActiveRecord::SchemaMigration Load (1.0ms)[0m  [1mSELECT "schema_migrations".* FROM "schema_migrations"[0m
  [1m[35m (0ms)[0m  SELECT name FROM sqlite_master WHERE type = 'table' AND NOT name = 'sqlite_sequence'
  [1m[36m (5.0ms)[0m  [1mSELECT name FROM sqlite_master WHERE type = 'table' AND name = "schema_migrations"[0m
  [1m[35mActiveRecord::SchemaMigration Load (1.0ms)[0m  SELECT "schema_migrations".* FROM "schema_migrations"
  [1m[36m (1.0ms)[0m  [1mSELECT name FROM sqlite_master WHERE type = 'table' AND name = "schema_migrations"[0m
  [1m[35mSQL (26.0ms)[0m  DELETE FROM "products"
  [1m[36m (0ms)[0m  [1mSELECT name FROM sqlite_master WHERE type = 'table' AND name = "products"[0m
  [1m[35mSQL (4.0ms)[0m  INSERT INTO "products" ("created_at", "id", "name", "price", "updated_at") VALUES ('2014-02-12 15:04:28.836000', 1, 'Nintendo Wii U Premium', 250.0, '2014-02-12 15:04:28.836000')
  [1m[36mSQL (1.0ms)[0m  [1mINSERT INTO "products" ("created_at", "id", "name", "price", "updated_at") VALUES ('2014-02-12 15:04:28.882000', 2, 'XBox 360 250GB', 250.0, '2014-02-12 15:04:28.882000')[0m
  [1m[35mSQL (0ms)[0m  INSERT INTO "products" ("created_at", "id", "name", "price", "updated_at") VALUES ('2014-02-12 15:04:28.906000', 3, 'Playstation 3 500 GB', 239.0, '2014-02-12 15:04:28.906000')
  [1m[36mSQL (0ms)[0m  [1mINSERT INTO "products" ("created_at", "id", "name", "price", "updated_at") VALUES ('2014-02-12 15:04:28.925000', 4, 'Nintendo Wii', 99.0, '2014-02-12 15:04:28.925000')[0m
  [1m[35mSQL (0ms)[0m  INSERT INTO "products" ("created_at", "id", "name", "price", "updated_at") VALUES ('2014-02-12 15:04:28.947000', 5, 'Nintendo 3DS', 174.0, '2014-02-12 15:04:28.947000')


Started GET "/" for 127.0.0.1 at 2014-02-12 16:04:31 +0100
  [1m[35m (1.0ms)[0m  SELECT name FROM sqlite_master WHERE type = 'table' AND name = "schema_migrations"
  [1m[36mActiveRecord::SchemaMigration Load (0ms)[0m  [1mSELECT "schema_migrations".* FROM "schema_migrations"[0m

ActiveRecord::PendingMigrationError (Migrations are pending; run 'bin/rake db:migrate RAILS_ENV=development' to resolve this issue.):
  activerecord (4.0.2) lib/active_record/migration.rb:379:in `check_pending!'
  activerecord (4.0.2) lib/active_record/migration.rb:366:in `call'
  actionpack (4.0.2) lib/action_dispatch/middleware/callbacks.rb:29:in `call'
  activesupport (4.0.2) lib/active_support/callbacks.rb:376:in `_run__1520667824__call__callbacks'
  org/jruby/RubyBasicObject.java:1703:in `__send__'
  org/jruby/RubyKernel.java:2209:in `send'
  activesupport (4.0.2) lib/active_support/callbacks.rb:80:in `run_callbacks'
  actionpack (4.0.2) lib/action_dispatch/middleware/callbacks.rb:27:in `call'
  actionpack (4.0.2) lib/action_dispatch/middleware/reloader.rb:64:in `call'
  actionpack (4.0.2) lib/action_dispatch/middleware/remote_ip.rb:76:in `call'
  actionpack (4.0.2) lib/action_dispatch/middleware/debug_exceptions.rb:17:in `call'
  actionpack (4.0.2) lib/action_dispatch/middleware/show_exceptions.rb:30:in `call'
  railties (4.0.2) lib/rails/rack/logger.rb:38:in `call_app'
  railties (4.0.2) lib/rails/rack/logger.rb:20:in `call'
  activesupport (4.0.2) lib/active_support/tagged_logging.rb:67:in `tagged'
  activesupport (4.0.2) lib/active_support/tagged_logging.rb:25:in `tagged'
  activesupport (4.0.2) lib/active_support/tagged_logging.rb:67:in `tagged'
  railties (4.0.2) lib/rails/rack/logger.rb:20:in `call'
  actionpack (4.0.2) lib/action_dispatch/middleware/request_id.rb:21:in `call'
  rack (1.5.2) lib/rack/methodoverride.rb:21:in `call'
  rack (1.5.2) lib/rack/runtime.rb:17:in `call'
  activesupport (4.0.2) lib/active_support/cache/strategy/local_cache.rb:83:in `call'
  rack (1.5.2) lib/rack/lock.rb:17:in `call'
  actionpack (4.0.2) lib/action_dispatch/middleware/static.rb:64:in `call'
  rack (1.5.2) lib/rack/sendfile.rb:112:in `call'
  railties (4.0.2) lib/rails/engine.rb:511:in `call'
  railties (4.0.2) lib/rails/application.rb:97:in `call'
  rack (1.5.2) lib/rack/lock.rb:17:in `call'
  rack (1.5.2) lib/rack/content_length.rb:14:in `call'
  rack (1.5.2) lib/rack/handler/webrick.rb:60:in `service'
  /home/helge/.rvm/rubies/jruby-1.7.4/lib/ruby/1.9/webrick/httpserver.rb:138:in `service'
  /home/helge/.rvm/rubies/jruby-1.7.4/lib/ruby/1.9/webrick/httpserver.rb:94:in `run'
  /home/helge/.rvm/rubies/jruby-1.7.4/lib/ruby/1.9/webrick/server.rb:191:in `start_thread'


  Rendered /home/helge/.rvm/gems/jruby-1.7.4@rails/gems/actionpack-4.0.2/lib/action_dispatch/middleware/templates/rescues/_source.erb (4.0ms)
  Rendered /home/helge/.rvm/gems/jruby-1.7.4@rails/gems/actionpack-4.0.2/lib/action_dispatch/middleware/templates/rescues/_trace.erb (5.0ms)
  Rendered /home/helge/.rvm/gems/jruby-1.7.4@rails/gems/actionpack-4.0.2/lib/action_dispatch/middleware/templates/rescues/_request_and_response.erb (3.0ms)
  Rendered /home/helge/.rvm/gems/jruby-1.7.4@rails/gems/actionpack-4.0.2/lib/action_dispatch/middleware/templates/rescues/diagnostics.erb within rescues/layout (36.0ms)


Started GET "/" for 127.0.0.1 at 2014-02-12 16:04:34 +0100
  [1m[35m (1.0ms)[0m  SELECT name FROM sqlite_master WHERE type = 'table' AND name = "schema_migrations"
  [1m[36mActiveRecord::SchemaMigration Load (1.0ms)[0m  [1mSELECT "schema_migrations".* FROM "schema_migrations"[0m

ActiveRecord::PendingMigrationError (Migrations are pending; run 'bin/rake db:migrate RAILS_ENV=development' to resolve this issue.):
  activerecord (4.0.2) lib/active_record/migration.rb:379:in `check_pending!'
  activerecord (4.0.2) lib/active_record/migration.rb:366:in `call'
  actionpack (4.0.2) lib/action_dispatch/middleware/callbacks.rb:29:in `call'
  activesupport (4.0.2) lib/active_support/callbacks.rb:376:in `_run__1520667824__call__callbacks'
  org/jruby/RubyBasicObject.java:1703:in `__send__'
  org/jruby/RubyKernel.java:2209:in `send'
  activesupport (4.0.2) lib/active_support/callbacks.rb:80:in `run_callbacks'
  actionpack (4.0.2) lib/action_dispatch/middleware/callbacks.rb:27:in `call'
  actionpack (4.0.2) lib/action_dispatch/middleware/reloader.rb:64:in `call'
  actionpack (4.0.2) lib/action_dispatch/middleware/remote_ip.rb:76:in `call'
  actionpack (4.0.2) lib/action_dispatch/middleware/debug_exceptions.rb:17:in `call'
  actionpack (4.0.2) lib/action_dispatch/middleware/show_exceptions.rb:30:in `call'
  railties (4.0.2) lib/rails/rack/logger.rb:38:in `call_app'
  railties (4.0.2) lib/rails/rack/logger.rb:20:in `call'
  activesupport (4.0.2) lib/active_support/tagged_logging.rb:67:in `tagged'
  activesupport (4.0.2) lib/active_support/tagged_logging.rb:25:in `tagged'
  activesupport (4.0.2) lib/active_support/tagged_logging.rb:67:in `tagged'
  railties (4.0.2) lib/rails/rack/logger.rb:20:in `call'
  actionpack (4.0.2) lib/action_dispatch/middleware/request_id.rb:21:in `call'
  rack (1.5.2) lib/rack/methodoverride.rb:21:in `call'
  rack (1.5.2) lib/rack/runtime.rb:17:in `call'
  activesupport (4.0.2) lib/active_support/cache/strategy/local_cache.rb:83:in `call'
  rack (1.5.2) lib/rack/lock.rb:17:in `call'
  actionpack (4.0.2) lib/action_dispatch/middleware/static.rb:64:in `call'
  rack (1.5.2) lib/rack/sendfile.rb:112:in `call'
  railties (4.0.2) lib/rails/engine.rb:511:in `call'
  railties (4.0.2) lib/rails/application.rb:97:in `call'
  rack (1.5.2) lib/rack/lock.rb:17:in `call'
  rack (1.5.2) lib/rack/content_length.rb:14:in `call'
  rack (1.5.2) lib/rack/handler/webrick.rb:60:in `service'
  /home/helge/.rvm/rubies/jruby-1.7.4/lib/ruby/1.9/webrick/httpserver.rb:138:in `service'
  /home/helge/.rvm/rubies/jruby-1.7.4/lib/ruby/1.9/webrick/httpserver.rb:94:in `run'
  /home/helge/.rvm/rubies/jruby-1.7.4/lib/ruby/1.9/webrick/server.rb:191:in `start_thread'


  Rendered /home/helge/.rvm/gems/jruby-1.7.4@rails/gems/actionpack-4.0.2/lib/action_dispatch/middleware/templates/rescues/_source.erb (2.0ms)
  Rendered /home/helge/.rvm/gems/jruby-1.7.4@rails/gems/actionpack-4.0.2/lib/action_dispatch/middleware/templates/rescues/_trace.erb (3.0ms)
  Rendered /home/helge/.rvm/gems/jruby-1.7.4@rails/gems/actionpack-4.0.2/lib/action_dispatch/middleware/templates/rescues/_request_and_response.erb (4.0ms)
  Rendered /home/helge/.rvm/gems/jruby-1.7.4@rails/gems/actionpack-4.0.2/lib/action_dispatch/middleware/templates/rescues/diagnostics.erb within rescues/layout (29.0ms)


Started GET "/" for 127.0.0.1 at 2014-02-12 16:04:36 +0100
  [1m[35m (0ms)[0m  SELECT name FROM sqlite_master WHERE type = 'table' AND name = "schema_migrations"
  [1m[36mActiveRecord::SchemaMigration Load (0ms)[0m  [1mSELECT "schema_migrations".* FROM "schema_migrations"[0m

ActiveRecord::PendingMigrationError (Migrations are pending; run 'bin/rake db:migrate RAILS_ENV=development' to resolve this issue.):
  activerecord (4.0.2) lib/active_record/migration.rb:379:in `check_pending!'
  activerecord (4.0.2) lib/active_record/migration.rb:366:in `call'
  actionpack (4.0.2) lib/action_dispatch/middleware/callbacks.rb:29:in `call'
  activesupport (4.0.2) lib/active_support/callbacks.rb:376:in `_run__1520667824__call__callbacks'
  org/jruby/RubyBasicObject.java:1703:in `__send__'
  org/jruby/RubyKernel.java:2209:in `send'
  activesupport (4.0.2) lib/active_support/callbacks.rb:80:in `run_callbacks'
  actionpack (4.0.2) lib/action_dispatch/middleware/callbacks.rb:27:in `call'
  actionpack (4.0.2) lib/action_dispatch/middleware/reloader.rb:64:in `call'
  actionpack (4.0.2) lib/action_dispatch/middleware/remote_ip.rb:76:in `call'
  actionpack (4.0.2) lib/action_dispatch/middleware/debug_exceptions.rb:17:in `call'
  actionpack (4.0.2) lib/action_dispatch/middleware/show_exceptions.rb:30:in `call'
  railties (4.0.2) lib/rails/rack/logger.rb:38:in `call_app'
  railties (4.0.2) lib/rails/rack/logger.rb:20:in `call'
  activesupport (4.0.2) lib/active_support/tagged_logging.rb:67:in `tagged'
  activesupport (4.0.2) lib/active_support/tagged_logging.rb:25:in `tagged'
  activesupport (4.0.2) lib/active_support/tagged_logging.rb:67:in `tagged'
  railties (4.0.2) lib/rails/rack/logger.rb:20:in `call'
  actionpack (4.0.2) lib/action_dispatch/middleware/request_id.rb:21:in `call'
  rack (1.5.2) lib/rack/methodoverride.rb:21:in `call'
  rack (1.5.2) lib/rack/runtime.rb:17:in `call'
  activesupport (4.0.2) lib/active_support/cache/strategy/local_cache.rb:83:in `call'
  rack (1.5.2) lib/rack/lock.rb:17:in `call'
  actionpack (4.0.2) lib/action_dispatch/middleware/static.rb:64:in `call'
  rack (1.5.2) lib/rack/sendfile.rb:112:in `call'
  railties (4.0.2) lib/rails/engine.rb:511:in `call'
  railties (4.0.2) lib/rails/application.rb:97:in `call'
  rack (1.5.2) lib/rack/lock.rb:17:in `call'
  rack (1.5.2) lib/rack/content_length.rb:14:in `call'
  rack (1.5.2) lib/rack/handler/webrick.rb:60:in `service'
  /home/helge/.rvm/rubies/jruby-1.7.4/lib/ruby/1.9/webrick/httpserver.rb:138:in `service'
  /home/helge/.rvm/rubies/jruby-1.7.4/lib/ruby/1.9/webrick/httpserver.rb:94:in `run'
  /home/helge/.rvm/rubies/jruby-1.7.4/lib/ruby/1.9/webrick/server.rb:191:in `start_thread'


  Rendered /home/helge/.rvm/gems/jruby-1.7.4@rails/gems/actionpack-4.0.2/lib/action_dispatch/middleware/templates/rescues/_source.erb (3.0ms)
  Rendered /home/helge/.rvm/gems/jruby-1.7.4@rails/gems/actionpack-4.0.2/lib/action_dispatch/middleware/templates/rescues/_trace.erb (41.0ms)
  Rendered /home/helge/.rvm/gems/jruby-1.7.4@rails/gems/actionpack-4.0.2/lib/action_dispatch/middleware/templates/rescues/_request_and_response.erb (8.0ms)
  Rendered /home/helge/.rvm/gems/jruby-1.7.4@rails/gems/actionpack-4.0.2/lib/action_dispatch/middleware/templates/rescues/diagnostics.erb within rescues/layout (77.0ms)


Started GET "/" for 127.0.0.1 at 2014-02-12 16:04:58 +0100
  [1m[36m (7.0ms)[0m  [1mSELECT name FROM sqlite_master WHERE type = 'table' AND name = "schema_migrations"[0m
  [1m[35mActiveRecord::SchemaMigration Load (1.0ms)[0m  SELECT "schema_migrations".* FROM "schema_migrations"
  [1m[36m (0ms)[0m  [1mSELECT name FROM sqlite_master WHERE type = 'table' AND name = "schema_migrations"[0m
Processing by ProductsController#index as HTML
  Rendered products/_index.html.erb (14.0ms)
  Rendered products/index.html.erb within layouts/application (34.0ms)
Completed 500 Internal Server Error in 1290ms

ActionView::Template::Error (undefined method `each' for nil:NilClass):
    1: <% @products.each do |product| %>
    2:   <tr>
    3:     <td><%= product.name %></td>
    4:     <td><%= number_to_currency product.price %></td>
  app/views/products/_index.html.erb:1:in `_app_views_products__index_html_erb___393924754_4054'
  app/views/products/index.html.erb:17:in `_app_views_products_index_html_erb___1414622796_4050'


  Rendered /home/helge/.rvm/gems/jruby-1.7.4@rails/gems/actionpack-4.0.2/lib/action_dispatch/middleware/templates/rescues/_trace.erb (9.0ms)
  Rendered /home/helge/.rvm/gems/jruby-1.7.4@rails/gems/actionpack-4.0.2/lib/action_dispatch/middleware/templates/rescues/_request_and_response.erb (7.0ms)
  Rendered /home/helge/.rvm/gems/jruby-1.7.4@rails/gems/actionpack-4.0.2/lib/action_dispatch/middleware/templates/rescues/template_error.erb within rescues/layout (36.0ms)


Started GET "/" for 127.0.0.1 at 2014-02-12 16:14:04 +0100

NameError (uninitialized constant AjaxExample):
  config/routes.rb:1:in `(root)'


  Rendered /home/helge/.rvm/gems/jruby-1.7.4@rails/gems/actionpack-4.0.2/lib/action_dispatch/middleware/templates/rescues/_source.erb (5.0ms)
  Rendered /home/helge/.rvm/gems/jruby-1.7.4@rails/gems/actionpack-4.0.2/lib/action_dispatch/middleware/templates/rescues/_trace.erb (8.0ms)
  Rendered /home/helge/.rvm/gems/jruby-1.7.4@rails/gems/actionpack-4.0.2/lib/action_dispatch/middleware/templates/rescues/_request_and_response.erb (5.0ms)
  Rendered /home/helge/.rvm/gems/jruby-1.7.4@rails/gems/actionpack-4.0.2/lib/action_dispatch/middleware/templates/rescues/diagnostics.erb within rescues/layout (43.0ms)


Started GET "/" for 127.0.0.1 at 2014-02-12 16:14:37 +0100
Processing by ProductsController#index as HTML
  [1m[35mProduct Load (1.0ms)[0m  SELECT "products".* FROM "products"
  [1m[36m (0ms)[0m  [1mSELECT name FROM sqlite_master WHERE type = 'table' AND name = "products"[0m
  Rendered products/_index.html.erb (129.0ms)
  Rendered products/index.html.erb within layouts/application (134.0ms)
Completed 200 OK in 6228ms (Views: 6203.0ms | ActiveRecord: 3.0ms)


Started GET "/assets/products.js?body=1" for 127.0.0.1 at 2014-02-12 16:14:44 +0100


Started GET "/assets/application.js?body=1" for 127.0.0.1 at 2014-02-12 16:14:44 +0100


Started GET "/assets/products.css?body=1" for 127.0.0.1 at 2014-02-12 16:14:44 +0100


Started GET "/assets/application.css?body=1" for 127.0.0.1 at 2014-02-12 16:14:44 +0100


Started GET "/assets/jquery.js?body=1" for 127.0.0.1 at 2014-02-12 16:14:44 +0100


Started GET "/assets/jquery_ujs.js?body=1" for 127.0.0.1 at 2014-02-12 16:14:44 +0100


Started GET "/assets/turbolinks.js?body=1" for 127.0.0.1 at 2014-02-12 16:14:44 +0100


Started GET "/" for 127.0.0.1 at 2014-02-12 17:54:46 +0100
Processing by ProductsController#index as HTML
  [1m[35mProduct Load (0ms)[0m  SELECT "products".* FROM "products"
  Rendered products/_index.html.erb (37.0ms)
  Rendered products/index.html.erb within layouts/application (42.0ms)
Completed 200 OK in 64ms (Views: 60.0ms | ActiveRecord: 0.0ms)


Started GET "/assets/products.js?body=1" for 127.0.0.1 at 2014-02-12 17:54:46 +0100


Started GET "/assets/products.css?body=1" for 127.0.0.1 at 2014-02-12 17:54:46 +0100


Started GET "/assets/jquery.js?body=1" for 127.0.0.1 at 2014-02-12 17:54:46 +0100


Started GET "/assets/application.css?body=1" for 127.0.0.1 at 2014-02-12 17:54:46 +0100


Started GET "/assets/application.js?body=1" for 127.0.0.1 at 2014-02-12 17:54:46 +0100


Started GET "/assets/jquery_ujs.js?body=1" for 127.0.0.1 at 2014-02-12 17:54:46 +0100


Started GET "/assets/turbolinks.js?body=1" for 127.0.0.1 at 2014-02-12 17:54:46 +0100


Started GET "/" for 127.0.0.1 at 2014-02-12 17:54:56 +0100
Processing by ProductsController#index as HTML
  [1m[36mProduct Load (1.0ms)[0m  [1mSELECT "products".* FROM "products"[0m
  Rendered products/_index.html.erb (47.0ms)
  Rendered products/index.html.erb within layouts/application (52.0ms)
Completed 200 OK in 87ms (Views: 76.0ms | ActiveRecord: 1.0ms)


Started GET "/assets/products.js?body=1" for 127.0.0.1 at 2014-02-12 17:54:57 +0100


Started GET "/assets/application.js?body=1" for 127.0.0.1 at 2014-02-12 17:54:57 +0100


Started GET "/assets/jquery_ujs.js?body=1" for 127.0.0.1 at 2014-02-12 17:54:57 +0100


Started GET "/assets/jquery.js?body=1" for 127.0.0.1 at 2014-02-12 17:54:57 +0100


Started GET "/assets/products.css?body=1" for 127.0.0.1 at 2014-02-12 17:54:57 +0100


Started GET "/assets/application.css?body=1" for 127.0.0.1 at 2014-02-12 17:54:57 +0100


Started GET "/assets/turbolinks.js?body=1" for 127.0.0.1 at 2014-02-12 17:54:57 +0100


Started GET "/products/3/edit" for 127.0.0.1 at 2014-02-12 17:55:09 +0100
Processing by ProductsController#edit as JS
  Parameters: {"id"=>"3"}
  [1m[35mProduct Load (1.0ms)[0m  SELECT "products".* FROM "products" WHERE "products"."id" = 3 LIMIT 1
  Rendered products/_form.html.erb (52.0ms)
  Rendered products/_edit.html.erb (58.0ms)
  Rendered products/edit.js.erb (65.0ms)
Completed 200 OK in 84ms (Views: 75.0ms | ActiveRecord: 1.0ms)


Started GET "/" for 127.0.0.1 at 2014-02-12 17:58:52 +0100
Processing by ProductsController#index as HTML
  [1m[36mProduct Load (1.0ms)[0m  [1mSELECT "products".* FROM "products"[0m
  Rendered products/_index.html.erb (24.0ms)
  Rendered products/index.html.erb within layouts/application (28.0ms)
Completed 500 Internal Server Error in 111ms

ActionView::Template::Error (File to import not found or unreadable: bootstrap.
Load paths:
  /home/helge/projects/portal_tech/rails/ajax/app/assets/images
  /home/helge/projects/portal_tech/rails/ajax/app/assets/javascripts
  /home/helge/projects/portal_tech/rails/ajax/app/assets/stylesheets
  /home/helge/projects/portal_tech/rails/ajax/vendor/assets/javascripts
  /home/helge/projects/portal_tech/rails/ajax/vendor/assets/stylesheets
  /home/helge/.rvm/gems/jruby-1.7.4@rails/gems/turbolinks-2.2.1/lib/assets/javascripts
  /home/helge/.rvm/gems/jruby-1.7.4@rails/gems/jquery-rails-3.1.0/vendor/assets/javascripts
  /home/helge/.rvm/gems/jruby-1.7.4@rails/gems/coffee-rails-4.0.1/lib/assets/javascripts
  (in /home/helge/projects/portal_tech/rails/ajax/app/assets/stylesheets/bootstrat_config.scss:1)):
    2: <html>
    3: <head>
    4:   <title>Ajax</title>
    5:   <%= stylesheet_link_tag    "application", media: "all", "data-turbolinks-track" => true %>
    6:   <%= javascript_include_tag "application", "data-turbolinks-track" => true %>
    7:   <%= csrf_meta_tags %>
    8: </head>
  app/assets/stylesheets/bootstrat_config.scss:1
  app/views/layouts/application.html.erb:5:in `_app_views_layouts_application_html_erb__2027254618_4242'


  Rendered /home/helge/.rvm/gems/jruby-1.7.4@rails/gems/actionpack-4.0.2/lib/action_dispatch/middleware/templates/rescues/_trace.erb (9.0ms)
  Rendered /home/helge/.rvm/gems/jruby-1.7.4@rails/gems/actionpack-4.0.2/lib/action_dispatch/middleware/templates/rescues/_request_and_response.erb (6.0ms)
  Rendered /home/helge/.rvm/gems/jruby-1.7.4@rails/gems/actionpack-4.0.2/lib/action_dispatch/middleware/templates/rescues/template_error.erb within rescues/layout (35.0ms)


Started GET "/" for 127.0.0.1 at 2014-02-12 17:59:12 +0100
Processing by ProductsController#index as HTML
  [1m[35mProduct Load (1.0ms)[0m  SELECT "products".* FROM "products"
  Rendered products/_index.html.erb (33.0ms)
  Rendered products/index.html.erb within layouts/application (37.0ms)
Completed 500 Internal Server Error in 124ms

ActionView::Template::Error (File to import not found or unreadable: bootstrap.
Load paths:
  /home/helge/projects/portal_tech/rails/ajax/app/assets/images
  /home/helge/projects/portal_tech/rails/ajax/app/assets/javascripts
  /home/helge/projects/portal_tech/rails/ajax/app/assets/stylesheets
  /home/helge/projects/portal_tech/rails/ajax/vendor/assets/javascripts
  /home/helge/projects/portal_tech/rails/ajax/vendor/assets/stylesheets
  /home/helge/.rvm/gems/jruby-1.7.4@rails/gems/turbolinks-2.2.1/lib/assets/javascripts
  /home/helge/.rvm/gems/jruby-1.7.4@rails/gems/jquery-rails-3.1.0/vendor/assets/javascripts
  /home/helge/.rvm/gems/jruby-1.7.4@rails/gems/coffee-rails-4.0.1/lib/assets/javascripts
  (in /home/helge/projects/portal_tech/rails/ajax/app/assets/stylesheets/bootstrap_config.scss:1)):
    2: <html>
    3: <head>
    4:   <title>Ajax</title>
    5:   <%= stylesheet_link_tag    "application", media: "all", "data-turbolinks-track" => true %>
    6:   <%= javascript_include_tag "application", "data-turbolinks-track" => true %>
    7:   <%= csrf_meta_tags %>
    8: </head>
  app/assets/stylesheets/bootstrap_config.scss:1
  app/views/layouts/application.html.erb:5:in `_app_views_layouts_application_html_erb__2027254618_4242'


  Rendered /home/helge/.rvm/gems/jruby-1.7.4@rails/gems/actionpack-4.0.2/lib/action_dispatch/middleware/templates/rescues/_trace.erb (7.0ms)
  Rendered /home/helge/.rvm/gems/jruby-1.7.4@rails/gems/actionpack-4.0.2/lib/action_dispatch/middleware/templates/rescues/_request_and_response.erb (5.0ms)
  Rendered /home/helge/.rvm/gems/jruby-1.7.4@rails/gems/actionpack-4.0.2/lib/action_dispatch/middleware/templates/rescues/template_error.erb within rescues/layout (64.0ms)


Started GET "/" for 127.0.0.1 at 2014-02-12 18:00:10 +0100
  [1m[36m (6.0ms)[0m  [1mSELECT name FROM sqlite_master WHERE type = 'table' AND name = "schema_migrations"[0m
  [1m[35mActiveRecord::SchemaMigration Load (1.0ms)[0m  SELECT "schema_migrations".* FROM "schema_migrations"
  [1m[36m (0ms)[0m  [1mSELECT name FROM sqlite_master WHERE type = 'table' AND name = "schema_migrations"[0m
Processing by ProductsController#index as HTML
  [1m[35mProduct Load (1.0ms)[0m  SELECT "products".* FROM "products"
  [1m[36m (0ms)[0m  [1mSELECT name FROM sqlite_master WHERE type = 'table' AND name = "products"[0m
  Rendered products/_index.html.erb (162.0ms)
  Rendered products/index.html.erb within layouts/application (186.0ms)
Completed 500 Internal Server Error in 9225ms

ActionView::Template::Error (couldn't find file 'bootstrap;'
  (in /home/helge/projects/portal_tech/rails/ajax/app/assets/javascripts/application.js:17)):
    3: <head>
    4:   <title>Ajax</title>
    5:   <%= stylesheet_link_tag    "application", media: "all", "data-turbolinks-track" => true %>
    6:   <%= javascript_include_tag "application", "data-turbolinks-track" => true %>
    7:   <%= csrf_meta_tags %>
    8: </head>
    9: <body>
  app/views/layouts/application.html.erb:6:in `_app_views_layouts_application_html_erb___1936059928_4108'


  Rendered /home/helge/.rvm/gems/jruby-1.7.4@rails/gems/actionpack-4.0.2/lib/action_dispatch/middleware/templates/rescues/_trace.erb (5.0ms)
  Rendered /home/helge/.rvm/gems/jruby-1.7.4@rails/gems/actionpack-4.0.2/lib/action_dispatch/middleware/templates/rescues/_request_and_response.erb (6.0ms)
  Rendered /home/helge/.rvm/gems/jruby-1.7.4@rails/gems/actionpack-4.0.2/lib/action_dispatch/middleware/templates/rescues/template_error.erb within rescues/layout (28.0ms)


Started GET "/" for 127.0.0.1 at 2014-02-12 18:02:51 +0100
Processing by ProductsController#index as HTML
  [1m[35mProduct Load (2.0ms)[0m  SELECT "products".* FROM "products"
  Rendered products/_index.html.erb (32.0ms)
  Rendered products/index.html.erb within layouts/application (35.0ms)
Completed 200 OK in 735ms (Views: 727.0ms | ActiveRecord: 2.0ms)


Started GET "/assets/products.css?body=1" for 127.0.0.1 at 2014-02-12 18:02:52 +0100


Started GET "/assets/application.css?body=1" for 127.0.0.1 at 2014-02-12 18:02:52 +0100


Started GET "/assets/bootstrap_config.css?body=1" for 127.0.0.1 at 2014-02-12 18:02:52 +0100


Started GET "/assets/jquery.js?body=1" for 127.0.0.1 at 2014-02-12 18:02:52 +0100


Started GET "/assets/jquery_ujs.js?body=1" for 127.0.0.1 at 2014-02-12 18:02:52 +0100


Started GET "/assets/products.js?body=1" for 127.0.0.1 at 2014-02-12 18:02:52 +0100


Started GET "/assets/turbolinks.js?body=1" for 127.0.0.1 at 2014-02-12 18:02:52 +0100


Started GET "/assets/bootstrap-transition.js?body=1" for 127.0.0.1 at 2014-02-12 18:02:52 +0100


Started GET "/assets/bootstrap-affix.js?body=1" for 127.0.0.1 at 2014-02-12 18:02:52 +0100


Started GET "/assets/bootstrap-alert.js?body=1" for 127.0.0.1 at 2014-02-12 18:02:52 +0100


Started GET "/assets/bootstrap-button.js?body=1" for 127.0.0.1 at 2014-02-12 18:02:52 +0100


Started GET "/assets/bootstrap-carousel.js?body=1" for 127.0.0.1 at 2014-02-12 18:02:52 +0100


Started GET "/assets/bootstrap-collapse.js?body=1" for 127.0.0.1 at 2014-02-12 18:02:52 +0100


Started GET "/assets/bootstrap-dropdown.js?body=1" for 127.0.0.1 at 2014-02-12 18:02:52 +0100


Started GET "/assets/bootstrap-modal.js?body=1" for 127.0.0.1 at 2014-02-12 18:02:52 +0100


Started GET "/assets/bootstrap-scrollspy.js?body=1" for 127.0.0.1 at 2014-02-12 18:02:52 +0100


Started GET "/assets/bootstrap-tab.js?body=1" for 127.0.0.1 at 2014-02-12 18:02:52 +0100


Started GET "/assets/bootstrap-tooltip.js?body=1" for 127.0.0.1 at 2014-02-12 18:02:52 +0100


Started GET "/assets/bootstrap-popover.js?body=1" for 127.0.0.1 at 2014-02-12 18:02:52 +0100


Started GET "/assets/bootstrap-typeahead.js?body=1" for 127.0.0.1 at 2014-02-12 18:02:52 +0100


Started GET "/assets/bootstrap.js?body=1" for 127.0.0.1 at 2014-02-12 18:02:52 +0100


Started GET "/assets/application.js?body=1" for 127.0.0.1 at 2014-02-12 18:02:52 +0100


Started GET "/" for 127.0.0.1 at 2014-02-12 18:03:45 +0100
Processing by ProductsController#index as HTML
  [1m[36mProduct Load (1.0ms)[0m  [1mSELECT "products".* FROM "products"[0m
  Rendered products/_index.html.erb (37.0ms)
  Rendered products/index.html.erb within layouts/application (41.0ms)
Completed 200 OK in 74ms (Views: 67.0ms | ActiveRecord: 1.0ms)


Started GET "/assets/products.css?body=1" for 127.0.0.1 at 2014-02-12 18:03:45 +0100


Started GET "/assets/application.css?body=1" for 127.0.0.1 at 2014-02-12 18:03:45 +0100


Started GET "/assets/jquery.js?body=1" for 127.0.0.1 at 2014-02-12 18:03:45 +0100


Started GET "/assets/products.js?body=1" for 127.0.0.1 at 2014-02-12 18:03:45 +0100


Started GET "/assets/bootstrap_config.css?body=1" for 127.0.0.1 at 2014-02-12 18:03:45 +0100


Started GET "/assets/jquery_ujs.js?body=1" for 127.0.0.1 at 2014-02-12 18:03:45 +0100


Started GET "/assets/turbolinks.js?body=1" for 127.0.0.1 at 2014-02-12 18:03:45 +0100


Started GET "/assets/bootstrap-transition.js?body=1" for 127.0.0.1 at 2014-02-12 18:03:45 +0100


Started GET "/assets/bootstrap-affix.js?body=1" for 127.0.0.1 at 2014-02-12 18:03:45 +0100


Started GET "/assets/bootstrap-alert.js?body=1" for 127.0.0.1 at 2014-02-12 18:03:45 +0100


Started GET "/assets/bootstrap-button.js?body=1" for 127.0.0.1 at 2014-02-12 18:03:45 +0100


Started GET "/assets/bootstrap-carousel.js?body=1" for 127.0.0.1 at 2014-02-12 18:03:45 +0100


Started GET "/assets/bootstrap-collapse.js?body=1" for 127.0.0.1 at 2014-02-12 18:03:45 +0100


Started GET "/assets/bootstrap-dropdown.js?body=1" for 127.0.0.1 at 2014-02-12 18:03:45 +0100


Started GET "/assets/bootstrap-modal.js?body=1" for 127.0.0.1 at 2014-02-12 18:03:45 +0100


Started GET "/assets/bootstrap-scrollspy.js?body=1" for 127.0.0.1 at 2014-02-12 18:03:45 +0100


Started GET "/assets/bootstrap-tab.js?body=1" for 127.0.0.1 at 2014-02-12 18:03:45 +0100


Started GET "/assets/bootstrap-tooltip.js?body=1" for 127.0.0.1 at 2014-02-12 18:03:45 +0100


Started GET "/assets/bootstrap-popover.js?body=1" for 127.0.0.1 at 2014-02-12 18:03:45 +0100


Started GET "/assets/bootstrap-typeahead.js?body=1" for 127.0.0.1 at 2014-02-12 18:03:45 +0100


Started GET "/assets/bootstrap.js?body=1" for 127.0.0.1 at 2014-02-12 18:03:45 +0100


Started GET "/assets/application.js?body=1" for 127.0.0.1 at 2014-02-12 18:03:45 +0100


Started GET "/products/3/edit" for 127.0.0.1 at 2014-02-12 18:03:52 +0100
Processing by ProductsController#edit as JS
  Parameters: {"id"=>"3"}
  [1m[35mProduct Load (0ms)[0m  SELECT "products".* FROM "products" WHERE "products"."id" = 3 LIMIT 1
  Rendered products/_form.html.erb (46.0ms)
  Rendered products/_edit.html.erb (52.0ms)
  Rendered products/edit.js.erb (60.0ms)
Completed 200 OK in 72ms (Views: 66.0ms | ActiveRecord: 0.0ms)


Started GET "/products/4/edit" for 127.0.0.1 at 2014-02-12 18:03:55 +0100
Processing by ProductsController#edit as JS
  Parameters: {"id"=>"4"}
  [1m[36mProduct Load (1.0ms)[0m  [1mSELECT "products".* FROM "products" WHERE "products"."id" = 4 LIMIT 1[0m
  Rendered products/_form.html.erb (9.0ms)
  Rendered products/_edit.html.erb (13.0ms)
  Rendered products/edit.js.erb (18.0ms)
Completed 200 OK in 33ms (Views: 24.0ms | ActiveRecord: 1.0ms)


Started GET "/products/5/edit" for 127.0.0.1 at 2014-02-12 18:03:57 +0100
Processing by ProductsController#edit as JS
  Parameters: {"id"=>"5"}
  [1m[35mProduct Load (0ms)[0m  SELECT "products".* FROM "products" WHERE "products"."id" = 5 LIMIT 1
  Rendered products/_form.html.erb (8.0ms)
  Rendered products/_edit.html.erb (12.0ms)
  Rendered products/edit.js.erb (16.0ms)
Completed 200 OK in 30ms (Views: 24.0ms | ActiveRecord: 0.0ms)


Started GET "/products/5/edit" for 127.0.0.1 at 2014-02-12 18:04:03 +0100
Processing by ProductsController#edit as JS
  Parameters: {"id"=>"5"}
  [1m[36mProduct Load (0ms)[0m  [1mSELECT "products".* FROM "products" WHERE "products"."id" = 5 LIMIT 1[0m
  Rendered products/_form.html.erb (9.0ms)
  Rendered products/_edit.html.erb (14.0ms)
  Rendered products/edit.js.erb (18.0ms)
Completed 200 OK in 28ms (Views: 24.0ms | ActiveRecord: 0.0ms)


Started GET "/products/5/edit" for 127.0.0.1 at 2014-02-12 18:04:26 +0100
Processing by ProductsController#edit as JS
  Parameters: {"id"=>"5"}
  [1m[35mProduct Load (1.0ms)[0m  SELECT "products".* FROM "products" WHERE "products"."id" = 5 LIMIT 1
  Rendered products/_form.html.erb (10.0ms)
  Rendered products/_edit.html.erb (14.0ms)
  Rendered products/edit.js.erb (19.0ms)
Completed 200 OK in 32ms (Views: 27.0ms | ActiveRecord: 1.0ms)


Started GET "/products/1/edit" for 127.0.0.1 at 2014-02-12 18:04:30 +0100
Processing by ProductsController#edit as JS
  Parameters: {"id"=>"1"}
  [1m[36mProduct Load (0ms)[0m  [1mSELECT "products".* FROM "products" WHERE "products"."id" = 1 LIMIT 1[0m
  Rendered products/_form.html.erb (10.0ms)
  Rendered products/_edit.html.erb (55.0ms)
  Rendered products/edit.js.erb (62.0ms)
Completed 200 OK in 100ms (Views: 95.0ms | ActiveRecord: 0.0ms)


Started GET "/products/5/edit" for 127.0.0.1 at 2014-02-12 18:04:41 +0100
Processing by ProductsController#edit as JS
  Parameters: {"id"=>"5"}
  [1m[35mProduct Load (1.0ms)[0m  SELECT "products".* FROM "products" WHERE "products"."id" = 5 LIMIT 1
  Rendered products/_form.html.erb (9.0ms)
  Rendered products/_edit.html.erb (13.0ms)
  Rendered products/edit.js.erb (17.0ms)
Completed 200 OK in 30ms (Views: 25.0ms | ActiveRecord: 1.0ms)


Started GET "/products/1/edit" for 127.0.0.1 at 2014-02-12 18:04:44 +0100
Processing by ProductsController#edit as JS
  Parameters: {"id"=>"1"}
  [1m[36mProduct Load (1.0ms)[0m  [1mSELECT "products".* FROM "products" WHERE "products"."id" = 1 LIMIT 1[0m
  Rendered products/_form.html.erb (9.0ms)
  Rendered products/_edit.html.erb (13.0ms)
  Rendered products/edit.js.erb (17.0ms)
Completed 200 OK in 28ms (Views: 23.0ms | ActiveRecord: 1.0ms)


Started GET "/products/5/edit" for 127.0.0.1 at 2014-02-12 18:05:17 +0100
Processing by ProductsController#edit as JS
  Parameters: {"id"=>"5"}
  [1m[35mProduct Load (1.0ms)[0m  SELECT "products".* FROM "products" WHERE "products"."id" = 5 LIMIT 1
  Rendered products/_form.html.erb (18.0ms)
  Rendered products/_edit.html.erb (22.0ms)
  Rendered products/edit.js.erb (27.0ms)
Completed 200 OK in 38ms (Views: 33.0ms | ActiveRecord: 1.0ms)


Started PATCH "/products/5" for 127.0.0.1 at 2014-02-12 18:05:20 +0100
Processing by ProductsController#update as JS
  Parameters: {"utf8"=>"✓", "product"=>{"name"=>"Nintendo 3DS", "price"=>"999"}, "commit"=>"Update Product", "id"=>"5"}
  [1m[36mProduct Load (1.0ms)[0m  [1mSELECT "products".* FROM "products" WHERE "products"."id" = 5 LIMIT 1[0m
  [1m[35mSQL (5.0ms)[0m  UPDATE "products" SET "price" = 999.0, "updated_at" = '2014-02-12 17:05:20.508000' WHERE "products"."id" = 5
  [1m[36mProduct Load (1.0ms)[0m  [1mSELECT "products".* FROM "products"[0m
  Rendered products/_index.html.erb (21.0ms)
  Rendered products/_save.js.erb (33.0ms)
  Rendered products/update.js.erb (41.0ms)
Completed 200 OK in 147ms (Views: 49.0ms | ActiveRecord: 7.0ms)


Started GET "/products/5/edit" for 127.0.0.1 at 2014-02-12 18:05:54 +0100
Processing by ProductsController#edit as JS
  Parameters: {"id"=>"5"}
  [1m[35mProduct Load (1.0ms)[0m  SELECT "products".* FROM "products" WHERE "products"."id" = 5 LIMIT 1
  Rendered products/_form.html.erb (21.0ms)
  Rendered products/_edit.html.erb (26.0ms)
  Rendered products/edit.js.erb (33.0ms)
Completed 200 OK in 50ms (Views: 44.0ms | ActiveRecord: 1.0ms)


Started GET "/products/3/edit" for 127.0.0.1 at 2014-02-12 18:05:56 +0100
Processing by ProductsController#edit as JS
  Parameters: {"id"=>"3"}
  [1m[36mProduct Load (0ms)[0m  [1mSELECT "products".* FROM "products" WHERE "products"."id" = 3 LIMIT 1[0m
  Rendered products/_form.html.erb (12.0ms)
  Rendered products/_edit.html.erb (16.0ms)
  Rendered products/edit.js.erb (20.0ms)
Completed 200 OK in 38ms (Views: 31.0ms | ActiveRecord: 0.0ms)


Started GET "/products/1/edit" for 127.0.0.1 at 2014-02-12 18:05:58 +0100
Processing by ProductsController#edit as JS
  Parameters: {"id"=>"1"}
  [1m[35mProduct Load (1.0ms)[0m  SELECT "products".* FROM "products" WHERE "products"."id" = 1 LIMIT 1
  Rendered products/_form.html.erb (8.0ms)
  Rendered products/_edit.html.erb (15.0ms)
  Rendered products/edit.js.erb (21.0ms)
Completed 200 OK in 41ms (Views: 31.0ms | ActiveRecord: 1.0ms)


Started GET "/products/5/edit" for 127.0.0.1 at 2014-02-12 18:06:00 +0100
Processing by ProductsController#edit as JS
  Parameters: {"id"=>"5"}
  [1m[36mProduct Load (1.0ms)[0m  [1mSELECT "products".* FROM "products" WHERE "products"."id" = 5 LIMIT 1[0m
  Rendered products/_form.html.erb (16.0ms)
  Rendered products/_edit.html.erb (26.0ms)
  Rendered products/edit.js.erb (32.0ms)
Completed 200 OK in 45ms (Views: 38.0ms | ActiveRecord: 1.0ms)
